androidApp/build/intermediates/manifest_merge_blame_file/debug/manifest-merger-blame-debug-report.txt
1<?xml version="1.0" encoding="utf-8"?>
2<manifest xmlns:android="http://schemas.android.com/apk/res/android"
3    package="com.signin.kmm.albategnius.android"
4    android:versionCode="1"
5    android:versionName="1.0" >
6
7    <uses-sdk
8        android:minSdkVersion="23"
8-->src/main/AndroidManifest.xml
9        android:targetSdkVersion="32" />
9-->src/main/AndroidManifest.xml
10
11    <application
11-->src/main/AndroidManifest.xml:5:5-17:19
12        android:allowBackup="false"
12-->src/main/AndroidManifest.xml:6:9-36
13        android:appComponentFactory="androidx.core.app.CoreComponentFactory"
13-->[androidx.core:core:1.5.0] AndroidManifest.xml:24:18-86
14        android:debuggable="true"
15        android:extractNativeLibs="false"
16        android:supportsRtl="true"
16-->src/main/AndroidManifest.xml:7:9-35
17        android:testOnly="true"
18        android:theme="@style/AppTheme" >
18-->src/main/AndroidManifest.xml:8:9-40
19        <activity
19-->src/main/AndroidManifest.xml:9:9-16:20
20            android:name="com.signin.kmm.albategnius.android.MainActivity"
20-->src/main/AndroidManifest.xml:10:13-41
21            android:exported="true" >
21-->src/main/AndroidManifest.xml:11:13-36
22            <intent-filter>
22-->src/main/AndroidManifest.xml:12:13-15:29
23                <action android:name="android.intent.action.MAIN" />
23-->src/main/AndroidManifest.xml:13:17-69
23-->src/main/AndroidManifest.xml:13:25-66
24
25                <category android:name="android.intent.category.LAUNCHER" />
25-->src/main/AndroidManifest.xml:14:17-77
25-->src/main/AndroidManifest.xml:14:27-74
26            </intent-filter>
27        </activity>
28    </application>
29
30</manifest>